#
# There is insufficient memory for the Java Runtime Environment to continue.
# Native memory allocation (malloc) failed to allocate 827056 bytes for Chunk::new
# Possible reasons:
#   The system is out of physical RAM or swap space
#   In 32 bit mode, the process size limit was hit
# Possible solutions:
#   Reduce memory load on the system
#   Increase physical memory or swap space
#   Check if swap backing store is full
#   Use 64 bit Java on a 64 bit OS
#   Decrease Java heap size (-Xmx/-Xms)
#   Decrease number of Java threads
#   Decrease Java thread stack sizes (-Xss)
#   Set larger code cache with -XX:ReservedCodeCacheSize=
# This output file may be truncated or incomplete.
#
#  Out of Memory Error (allocation.cpp:390), pid=7260, tid=13912
#
# JRE version: Java(TM) SE Runtime Environment (8.0_66-b18) (build 1.8.0_66-b18)
# Java VM: Java HotSpot(TM) 64-Bit Server VM (25.66-b18 mixed mode windows-amd64 compressed oops)
# Failed to write core dump. Minidumps are not enabled by default on client versions of Windows
#

---------------  T H R E A D  ---------------

Current thread (0x000000001908d800):  JavaThread "C2 CompilerThread1" daemon [_thread_in_native, id=13912, stack(0x000000001a7e0000,0x000000001a8e0000)]

Stack: [0x000000001a7e0000,0x000000001a8e0000]
[error occurred during error reporting (printing stack bounds), id 0xc0000005]

Native frames: (J=compiled Java code, j=interpreted, Vv=VM code, C=native code)


Current CompileTask:
C2:   4592 1360       4       java.net.URLClassLoader$1::run (5 bytes)


---------------  P R O C E S S  ---------------

Java Threads: ( => current thread )
  0x000000001cbc2800 JavaThread "pool-1-thread-1" [_thread_blocked, id=5272, stack(0x000000001e270000,0x000000001e370000)]
  0x00000000190ed800 JavaThread "Service Thread" daemon [_thread_blocked, id=632, stack(0x000000001ade0000,0x000000001aee0000)]
  0x000000001909c000 JavaThread "C1 CompilerThread2" daemon [_thread_blocked, id=2976, stack(0x000000001a8e0000,0x000000001a9e0000)]
=>0x000000001908d800 JavaThread "C2 CompilerThread1" daemon [_thread_in_native, id=13912, stack(0x000000001a7e0000,0x000000001a8e0000)]
  0x000000001909b000 JavaThread "C2 CompilerThread0" daemon [_thread_in_native, id=3144, stack(0x000000001a6e0000,0x000000001a7e0000)]
  0x0000000019099000 JavaThread "Attach Listener" daemon [_thread_blocked, id=13092, stack(0x000000001a5e0000,0x000000001a6e0000)]
  0x0000000019097800 JavaThread "Signal Dispatcher" daemon [_thread_blocked, id=8988, stack(0x000000001a4e0000,0x000000001a5e0000)]
  0x0000000004518000 JavaThread "Finalizer" daemon [_thread_blocked, id=1096, stack(0x000000001a2f0000,0x000000001a3f0000)]
  0x000000000450e800 JavaThread "Reference Handler" daemon [_thread_blocked, id=14244, stack(0x000000001a1f0000,0x000000001a2f0000)]
  0x000000000441e800 JavaThread "main" [_thread_in_native, id=8176, stack(0x00000000042e0000,0x00000000043e0000)]

Other Threads:
  0x0000000019058000 VMThread [stack: 0x000000001a0f0000,0x000000001a1f0000] [id=12352]
  0x000000001aa27800 WatcherThread [stack: 0x000000001aee0000,0x000000001afe0000] [id=1416]

VM state:not at safepoint (normal execution)

VM Mutex/Monitor currently owned by a thread:  ([mutex/lock_event])
[0x000000000441d2a0] SymbolTable_lock - owner thread: 0x0000000000000000

Heap:
 PSYoungGen      total 71680K, used 1297K [0x00000000d5c00000, 0x00000000da700000, 0x0000000100000000)
  eden space 66560K, 1% used [0x00000000d5c00000,0x00000000d5d44728,0x00000000d9d00000)
  from space 5120K, 0% used [0x00000000da200000,0x00000000da200000,0x00000000da700000)
  to   space 5120K, 0% used [0x00000000d9d00000,0x00000000d9d00000,0x00000000da200000)
 ParOldGen       total 65536K, used 8929K [0x0000000081400000, 0x0000000085400000, 0x00000000d5c00000)
  object space 65536K, 13% used [0x0000000081400000,0x0000000081cb86e0,0x0000000085400000)
 Metaspace       used 20209K, capacity 20534K, committed 20864K, reserved 1069056K
  class space    used 2753K, capacity 2830K, committed 2944K, reserved 1048576K

Card table byte_map: [0x00000000138e0000,0x0000000013ce0000] byte_map_base: 0x00000000134d6000

Marking Bits: (ParMarkBitMap*) 0x00000000634da5b0
 Begin Bits: [0x0000000014390000, 0x0000000016340000)
 End Bits:   [0x0000000016340000, 0x00000000182f0000)

Polling page: 0x0000000002910000

CodeCache: size=245760Kb used=5940Kb max_used=5940Kb free=239819Kb
 bounds [0x0000000004520000, 0x0000000004b00000, 0x0000000013520000]
 total_blobs=2027 nmethods=1420 adapters=519
 compilation: enabled

Compilation events (10 events):
Event: 4.465 Thread 0x000000001909c000 1429       3       java.io.BufferedReader::readLine (6 bytes)
Event: 4.466 Thread 0x000000001909c000 nmethod 1429 0x0000000004aed6d0 code [0x0000000004aed840, 0x0000000004aed9e8]
Event: 4.467 Thread 0x000000001909c000 1430       3       java.lang.Class::privateGetDeclaredConstructors (85 bytes)
Event: 4.468 Thread 0x000000001909c000 nmethod 1430 0x0000000004aeda90 code [0x0000000004aedc60, 0x0000000004aee358]
Event: 4.470 Thread 0x000000001909c000 1431   !   3       sun.reflect.UTF8::encode (191 bytes)
Event: 4.471 Thread 0x000000001909c000 nmethod 1431 0x0000000004aee610 code [0x0000000004aee800, 0x0000000004aef108]
Event: 4.475 Thread 0x000000001909c000 1432       3       org.gradle.internal.service.DefaultServiceRegistry$CachingProvider::getService (47 bytes)
Event: 4.476 Thread 0x000000001909c000 nmethod 1432 0x0000000004aef710 code [0x0000000004aef920, 0x0000000004af0498]
Event: 4.476 Thread 0x000000001909c000 1433       3       java.lang.reflect.AccessibleObject::setAccessible (21 bytes)
Event: 4.477 Thread 0x000000001909c000 nmethod 1433 0x0000000004af0ad0 code [0x0000000004af0c60, 0x0000000004af0f58]

GC Heap History (9 events):
Event: 1.402 GC heap before
{Heap before GC invocations=1 (full 0):
 PSYoungGen      total 38400K, used 33280K [0x00000000d5c00000, 0x00000000d8680000, 0x0000000100000000)
  eden space 33280K, 100% used [0x00000000d5c00000,0x00000000d7c80000,0x00000000d7c80000)
  from space 5120K, 0% used [0x00000000d8180000,0x00000000d8180000,0x00000000d8680000)
  to   space 5120K, 0% used [0x00000000d7c80000,0x00000000d7c80000,0x00000000d8180000)
 ParOldGen       total 87552K, used 0K [0x0000000081400000, 0x0000000086980000, 0x00000000d5c00000)
  object space 87552K, 0% used [0x0000000081400000,0x0000000081400000,0x0000000086980000)
 Metaspace       used 8766K, capacity 8960K, committed 9216K, reserved 1056768K
  class space    used 1154K, capacity 1216K, committed 1280K, reserved 1048576K
Event: 1.410 GC heap after
Heap after GC invocations=1 (full 0):
 PSYoungGen      total 38400K, used 5090K [0x00000000d5c00000, 0x00000000d8680000, 0x0000000100000000)
  eden space 33280K, 0% used [0x00000000d5c00000,0x00000000d5c00000,0x00000000d7c80000)
  from space 5120K, 99% used [0x00000000d7c80000,0x00000000d8178840,0x00000000d8180000)
  to   space 5120K, 0% used [0x00000000d8180000,0x00000000d8180000,0x00000000d8680000)
 ParOldGen       total 87552K, used 24K [0x0000000081400000, 0x0000000086980000, 0x00000000d5c00000)
  object space 87552K, 0% used [0x0000000081400000,0x0000000081406000,0x0000000086980000)
 Metaspace       used 8766K, capacity 8960K, committed 9216K, reserved 1056768K
  class space    used 1154K, capacity 1216K, committed 1280K, reserved 1048576K
}
Event: 2.052 GC heap before
{Heap before GC invocations=2 (full 0):
 PSYoungGen      total 38400K, used 38370K [0x00000000d5c00000, 0x00000000d8680000, 0x0000000100000000)
  eden space 33280K, 100% used [0x00000000d5c00000,0x00000000d7c80000,0x00000000d7c80000)
  from space 5120K, 99% used [0x00000000d7c80000,0x00000000d8178840,0x00000000d8180000)
  to   space 5120K, 0% used [0x00000000d8180000,0x00000000d8180000,0x00000000d8680000)
 ParOldGen       total 87552K, used 24K [0x0000000081400000, 0x0000000086980000, 0x00000000d5c00000)
  object space 87552K, 0% used [0x0000000081400000,0x0000000081406000,0x0000000086980000)
 Metaspace       used 11476K, capacity 11736K, committed 12032K, reserved 1058816K
  class space    used 1589K, capacity 1672K, committed 1792K, reserved 1048576K
Event: 2.058 GC heap after
Heap after GC invocations=2 (full 0):
 PSYoungGen      total 38400K, used 5095K [0x00000000d5c00000, 0x00000000d8680000, 0x0000000100000000)
  eden space 33280K, 0% used [0x00000000d5c00000,0x00000000d5c00000,0x00000000d7c80000)
  from space 5120K, 99% used [0x00000000d8180000,0x00000000d8679d80,0x00000000d8680000)
  to   space 5120K, 0% used [0x00000000d7c80000,0x00000000d7c80000,0x00000000d8180000)
 ParOldGen       total 87552K, used 358K [0x0000000081400000, 0x0000000086980000, 0x00000000d5c00000)
  object space 87552K, 0% used [0x0000000081400000,0x0000000081459928,0x0000000086980000)
 Metaspace       used 11476K, capacity 11736K, committed 12032K, reserved 1058816K
  class space    used 1589K, capacity 1672K, committed 1792K, reserved 1048576K
}
Event: 3.338 GC heap before
{Heap before GC invocations=3 (full 0):
 PSYoungGen      total 38400K, used 38375K [0x00000000d5c00000, 0x00000000d8680000, 0x0000000100000000)
  eden space 33280K, 100% used [0x00000000d5c00000,0x00000000d7c80000,0x00000000d7c80000)
  from space 5120K, 99% used [0x00000000d8180000,0x00000000d8679d80,0x00000000d8680000)
  to   space 5120K, 0% used [0x00000000d7c80000,0x00000000d7c80000,0x00000000d8180000)
 ParOldGen       total 87552K, used 358K [0x0000000081400000, 0x0000000086980000, 0x00000000d5c00000)
  object space 87552K, 0% used [0x0000000081400000,0x0000000081459928,0x0000000086980000)
 Metaspace       used 17277K, capacity 17610K, committed 17920K, reserved 1064960K
  class space    used 2375K, capacity 2476K, committed 2560K, reserved 1048576K
Event: 3.361 GC heap after
Heap after GC invocations=3 (full 0):
 PSYoungGen      total 38400K, used 5088K [0x00000000d5c00000, 0x00000000da700000, 0x0000000100000000)
  eden space 33280K, 0% used [0x00000000d5c00000,0x00000000d5c00000,0x00000000d7c80000)
  from space 5120K, 99% used [0x00000000d7c80000,0x00000000d8178060,0x00000000d8180000)
  to   space 5120K, 0% used [0x00000000da200000,0x00000000da200000,0x00000000da700000)
 ParOldGen       total 87552K, used 4611K [0x0000000081400000, 0x0000000086980000, 0x00000000d5c00000)
  object space 87552K, 5% used [0x0000000081400000,0x0000000081880ff8,0x0000000086980000)
 Metaspace       used 17277K, capacity 17610K, committed 17920K, reserved 1064960K
  class space    used 2375K, capacity 2476K, committed 2560K, reserved 1048576K
}
Event: 4.481 GC heap before
{Heap before GC invocations=4 (full 0):
 PSYoungGen      total 38400K, used 29503K [0x00000000d5c00000, 0x00000000da700000, 0x0000000100000000)
  eden space 33280K, 73% used [0x00000000d5c00000,0x00000000d73d7e50,0x00000000d7c80000)
  from space 5120K, 99% used [0x00000000d7c80000,0x00000000d8178060,0x00000000d8180000)
  to   space 5120K, 0% used [0x00000000da200000,0x00000000da200000,0x00000000da700000)
 ParOldGen       total 87552K, used 4611K [0x0000000081400000, 0x0000000086980000, 0x00000000d5c00000)
  object space 87552K, 5% used [0x0000000081400000,0x0000000081880ff8,0x0000000086980000)
 Metaspace       used 20160K, capacity 20406K, committed 20608K, reserved 1071104K
  class space    used 2745K, capacity 2830K, committed 2944K, reserved 1048576K
Event: 4.507 GC heap after
Heap after GC invocations=4 (full 0):
 PSYoungGen      total 71680K, used 5104K [0x00000000d5c00000, 0x00000000da700000, 0x0000000100000000)
  eden space 66560K, 0% used [0x00000000d5c00000,0x00000000d5c00000,0x00000000d9d00000)
  from space 5120K, 99% used [0x00000000da200000,0x00000000da6fc020,0x00000000da700000)
  to   space 5120K, 0% used [0x00000000d9d00000,0x00000000d9d00000,0x00000000da200000)
 ParOldGen       total 87552K, used 7545K [0x0000000081400000, 0x0000000086980000, 0x00000000d5c00000)
  object space 87552K, 8% used [0x0000000081400000,0x0000000081b5e540,0x0000000086980000)
 Metaspace       used 20160K, capacity 20406K, committed 20608K, reserved 1071104K
  class space    used 2745K, capacity 2830K, committed 2944K, reserved 1048576K
}
Event: 4.507 GC heap before
{Heap before GC invocations=5 (full 1):
 PSYoungGen      total 71680K, used 5104K [0x00000000d5c00000, 0x00000000da700000, 0x0000000100000000)
  eden space 66560K, 0% used [0x00000000d5c00000,0x00000000d5c00000,0x00000000d9d00000)
  from space 5120K, 99% used [0x00000000da200000,0x00000000da6fc020,0x00000000da700000)
  to   space 5120K, 0% used [0x00000000d9d00000,0x00000000d9d00000,0x00000000da200000)
 ParOldGen       total 87552K, used 7545K [0x0000000081400000, 0x0000000086980000, 0x00000000d5c00000)
  object space 87552K, 8% used [0x0000000081400000,0x0000000081b5e540,0x0000000086980000)
 Metaspace       used 20160K, capacity 20406K, committed 20608K, reserved 1071104K
  class space    used 2745K, capacity 2830K, committed 2944K, reserved 1048576K

Deoptimization events (10 events):
Event: 3.277 Thread 0x000000000441e800 Uncommon trap: reason=class_check action=maybe_recompile pc=0x00000000046e87b8 method=sun.misc.URLClassPath.getLoader(I)Lsun/misc/URLClassPath$Loader; @ 193
Event: 3.292 Thread 0x000000000441e800 Uncommon trap: reason=class_check action=maybe_recompile pc=0x00000000046e87b8 method=sun.misc.URLClassPath.getLoader(I)Lsun/misc/URLClassPath$Loader; @ 193
Event: 3.615 Thread 0x000000000441e800 Uncommon trap: reason=unstable_if action=reinterpret pc=0x0000000004878ae0 method=java.util.HashMap.hash(Ljava/lang/Object;)I @ 1
Event: 3.772 Thread 0x000000000441e800 Uncommon trap: reason=unstable_if action=reinterpret pc=0x000000000486790c method=java.util.HashMap.getNode(ILjava/lang/Object;)Ljava/util/HashMap$Node; @ 53
Event: 3.772 Thread 0x000000000441e800 Uncommon trap: reason=unstable_if action=reinterpret pc=0x000000000483b07c method=java.util.HashMap.hash(Ljava/lang/Object;)I @ 1
Event: 3.772 Thread 0x000000000441e800 Uncommon trap: reason=unstable_if action=reinterpret pc=0x000000000484fbf4 method=java.util.HashMap.putVal(ILjava/lang/Object;Ljava/lang/Object;ZZ)Ljava/lang/Object; @ 85
Event: 3.814 Thread 0x000000000441e800 Uncommon trap: reason=class_check action=maybe_recompile pc=0x0000000004898200 method=java.lang.reflect.Method.equals(Ljava/lang/Object;)Z @ 5
Event: 3.817 Thread 0x000000000441e800 Uncommon trap: reason=class_check action=maybe_recompile pc=0x0000000004898200 method=java.lang.reflect.Method.equals(Ljava/lang/Object;)Z @ 5
Event: 4.043 Thread 0x000000000441e800 Uncommon trap: reason=class_check action=maybe_recompile pc=0x0000000004898200 method=java.lang.reflect.Method.equals(Ljava/lang/Object;)Z @ 5
Event: 4.044 Thread 0x000000000441e800 Uncommon trap: reason=class_check action=maybe_recompile pc=0x0000000004898200 method=java.lang.reflect.Method.equals(Ljava/lang/Object;)Z @ 5

Internal exceptions (10 events):
Event: 3.365 Thread 0x000000000441e800 Exception <a 'java/lang/ClassNotFoundException': org/gradle/initialization/BaseSettingsBeanInfo> (0x00000000d5c2b660) thrown at [C:\re\workspace\8-2-build-windows-amd64-cygwin\jdk8u66\5298\hotspot\src\share\vm\classfile\systemDictionary.cpp, line 210]
Event: 3.366 Thread 0x000000000441e800 Exception <a 'java/lang/ClassNotFoundException': org/gradle/api/internal/project/AbstractPluginAwareBeanInfo> (0x00000000d5c4bcf0) thrown at [C:\re\workspace\8-2-build-windows-amd64-cygwin\jdk8u66\5298\hotspot\src\share\vm\classfile\systemDictionary.cpp, lÊNä¯ÍÓ
@
Event: 3.367 Thread 0x000000000441e800 Exception <a 'java/lang/ClassNotFoundException': org/gradle/api/internal/project/AbstractPluginAwareCustomizer> (0x00000000d5c6cad8) thrown at [C:\re\workspace\8-2-build-windows-amd64-cygwin\jdk8u66\5298\hotspot\src\share\vm\classfile\systemDictionary.cpp,æ«’óAÚ
@
Event: 3.368 Thread 0x000000000441e800 Exception <a 'java/lang/ClassNotFoundException': org/gradle/initialization/BaseSettingsCustomizer> (0x00000000d5c8ef50) thrown at [C:\re\workspace\8-2-build-windows-amd64-cygwin\jdk8u66\5298\hotspot\src\share\vm\classfile\systemDictionary.cpp, line 210]
Event: 3.387 Thread 0x000000000441e800 Exception <a 'java/lang/ClassNotFoundException': org/gradle/initialization/DefaultSettingsCustomizer> (0x00000000d5cf4be0) thrown at [C:\re\workspace\8-2-build-windows-amd64-cygwin\jdk8u66\5298\hotspot\src\share\vm\classfile\systemDictionary.cpp, line 210]ZèÕ£#@
Event: 3.392 Thread 0x000000000441e800 Exception <a 'java/lang/ClassNotFoundException': org/gradle/initialization/DefaultSettings_DecoratedCustomizer> (0x00000000d5d1a8a0) thrown at [C:\re\workspace\8-2-build-windows-amd64-cygwin\jdk8u66\5298\hotspot\src\share\vm\classfile\systemDictionary.cpp,yBÿŸ´O@
Event: 3.414 Thread 0x000000000441e800 Exception <a 'java/lang/ClassNotFoundException': org/gradle/initialization/DefaultProjectDescriptorBeanInfo> (0x00000000d5db79c8) thrown at [C:\re\workspace\8-2-build-windows-amd64-cygwin\jdk8u66\5298\hotspot\src\share\vm\classfile\systemDictionary.cpp, liΩ
Event: 3.415 Thread 0x000000000441e800 Exception <a 'java/lang/ClassNotFoundException': org/gradle/initialization/DefaultProjectDescriptorCustomizer> (0x00000000d5dd6a70) thrown at [C:\re\workspace\8-2-build-windows-amd64-cygwin\jdk8u66\5298\hotspot\src\share\vm\classfile\systemDictionary.cpp, 5‘£«¢Î@
Event: 3.615 Thread 0x000000000441e800 Implicit null exception at 0x00000000048788d5 to 0x0000000004878ad1
Event: 3.772 Thread 0x000000000441e800 Implicit null exception at 0x000000000483aa9b to 0x000000000483b069

Events (10 events):
Event: 4.478 loading class org/gradle/tooling/provider/model/internal/DefaultToolingModelBuilderRegistry done
Event: 4.479 loading class org/gradle/tooling/provider/model/internal/DefaultToolingModelBuilderRegistry$VoidToolingModelBuilder
Event: 4.479 loading class org/gradle/tooling/provider/model/internal/DefaultToolingModelBuilderRegistry$VoidToolingModelBuilder done
Event: 4.479 loading class org/gradle/plugins/ide/internal/tooling/GradleProjectBuilder
Event: 4.479 loading class org/gradle/plugins/ide/internal/tooling/GradleProjectBuilder done
Event: 4.480 loading class org/gradle/tooling/provider/model/internal/ProjectToolingModelBuilder
Event: 4.480 loading class org/gradle/tooling/provider/model/internal/ProjectToolingModelBuilder done
Event: 4.481 loading class org/gradle/tooling/internal/gradle/PartialGradleProject
Event: 4.481 loading class org/gradle/tooling/internal/gradle/PartialGradleProject done
Event: 4.481 Executing VM operation: CollectForMetadataAllocation


Dynamic libraries:
0x00007ff745070000 - 0x00007ff7450a7000 	C:\Program Files\Java\jdk1.8.0_66\bin\java.exe
0x00007ffb49500000 - 0x00007ffb496e0000 	C:\WINDOWS\SYSTEM32\ntdll.dll
0x00007ffb47410000 - 0x00007ffb474be000 	C:\WINDOWS\System32\KERNEL32.DLL
0x00007ffb46590000 - 0x00007ffb467f6000 	C:\WINDOWS\System32\KERNELBASE.dll
0x00007ffb47360000 - 0x00007ffb47401000 	C:\WINDOWS\System32\ADVAPI32.dll
0x00007ffb469d0000 - 0x00007ffb46a6d000 	C:\WINDOWS\System32\msvcrt.dll
0x00007ffb46cd0000 - 0x00007ffb46d2b000 	C:\WINDOWS\System32\sechost.dll
0x00007ffb46d90000 - 0x00007ffb46eaf000 	C:\WINDOWS\System32\RPCRT4.dll
0x00007ffb474c0000 - 0x00007ffb4764f000 	C:\WINDOWS\System32\USER32.dll
0x00007ffb45960000 - 0x00007ffb45980000 	C:\WINDOWS\System32\win32u.dll
0x00007ffb47330000 - 0x00007ffb47358000 	C:\WINDOWS\System32\GDI32.dll
0x00007ffb45a20000 - 0x00007ffb45bb4000 	C:\WINDOWS\System32\gdi32full.dll
0x00007ffb45980000 - 0x00007ffb45a1b000 	C:\WINDOWS\System32\msvcp_win.dll
0x00007ffb45bc0000 - 0x00007ffb45cb6000 	C:\WINDOWS\System32\ucrtbase.dll
0x00007ffb3d490000 - 0x00007ffb3d6f9000 	C:\WINDOWS\WinSxS\amd64_microsoft.windows.common-controls_6595b64144ccf1df_6.0.16299.64_none_cc9304e22215ca8f\COMCTL32.dll
0x00007ffb476b0000 - 0x00007ffb479b8000 	C:\WINDOWS\System32\combase.dll
0x00007ffb464c0000 - 0x00007ffb46532000 	C:\WINDOWS\System32\bcryptPrimitives.dll
0x00007ffb479c0000 - 0x00007ffb479ed000 	C:\WINDOWS\System32\IMM32.DLL
0x0000000063560000 - 0x0000000063632000 	C:\Program Files\Java\jdk1.8.0_66\jre\bin\msvcr100.dll
0x0000000062cd0000 - 0x0000000063559000 	C:\Program Files\Java\jdk1.8.0_66\jre\bin\server\jvm.dll
0x00007ffb47c30000 - 0x00007ffb47c38000 	C:\WINDOWS\System32\PSAPI.DLL
0x00007ffb447a0000 - 0x00007ffb447a9000 	C:\WINDOWS\SYSTEM32\WSOCK32.dll
0x00007ffb370d0000 - 0x00007ffb370f3000 	C:\WINDOWS\SYSTEM32\WINMM.dll
0x00007ffb479f0000 - 0x00007ffb47a5c000 	C:\WINDOWS\System32\WS2_32.dll
0x00007ffb3e590000 - 0x00007ffb3e59a000 	C:\WINDOWS\SYSTEM32\VERSION.dll
0x00007ffb37020000 - 0x00007ffb3704a000 	C:\WINDOWS\SYSTEM32\WINMMBASE.dll
0x00007ffb46540000 - 0x00007ffb4658a000 	C:\WINDOWS\System32\cfgmgr32.dll
0x0000000065cd0000 - 0x0000000065cdf000 	C:\Program Files\Java\jdk1.8.0_66\jre\bin\verify.dll
0x0000000065ca0000 - 0x0000000065cc9000 	C:\Program Files\Java\jdk1.8.0_66\jre\bin\java.dll
0x0000000064820000 - 0x0000000064836000 	C:\Program Files\Java\jdk1.8.0_66\jre\bin\zip.dll
0x00007ffb48090000 - 0x00007ffb494c7000 	C:\WINDOWS\System32\SHELL32.dll
0x00007ffb46c20000 - 0x00007ffb46cc6000 	C:\WINDOWS\System32\shcore.dll
0x00007ffb45d70000 - 0x00007ffb464b7000 	C:\WINDOWS\System32\windows.storage.dll
0x00007ffb46d30000 - 0x00007ffb46d81000 	C:\WINDOWS\System32\shlwapi.dll
0x00007ffb458e0000 - 0x00007ffb458f1000 	C:\WINDOWS\System32\kernel.appcore.dll
0x00007ffb45870000 - 0x00007ffb458bc000 	C:\WINDOWS\System32\powrprof.dll
0x00007ffb45850000 - 0x00007ffb4586b000 	C:\WINDOWS\System32\profapi.dll
0x0000000064800000 - 0x000000006481a000 	C:\Program Files\Java\jdk1.8.0_66\jre\bin\net.dll
0x00007ffb45080000 - 0x00007ffb450e6000 	C:\WINDOWS\system32\mswsock.dll
0x00000000647e0000 - 0x00000000647f1000 	C:\Program Files\Java\jdk1.8.0_66\jre\bin\nio.dll
0x00007ffb34140000 - 0x00007ffb34152000 	C:\Users\RIL\.gradle\native\19\windows-amd64\native-platform.dll
0x0000000180000000 - 0x0000000180037000 	C:\Users\RIL\.gradle\native\jna\win32-amd64\jnidispatch.dll
0x00007ffb45240000 - 0x00007ffb45257000 	C:\WINDOWS\SYSTEM32\CRYPTSP.dll
0x00007ffb44c90000 - 0x00007ffb44cc3000 	C:\WINDOWS\system32\rsaenh.dll
0x00007ffb453b0000 - 0x00007ffb453d5000 	C:\WINDOWS\SYSTEM32\bcrypt.dll
0x00007ffb45780000 - 0x00007ffb457a9000 	C:\WINDOWS\SYSTEM32\USERENV.dll
0x00007ffb45260000 - 0x00007ffb4526b000 	C:\WINDOWS\SYSTEM32\CRYPTBASE.dll
0x00007ffb44e10000 - 0x00007ffb44e49000 	C:\WINDOWS\SYSTEM32\IPHLPAPI.DLL
0x00007ffb47c20000 - 0x00007ffb47c28000 	C:\WINDOWS\System32\NSI.dll
0x00007ffb41760000 - 0x00007ffb41776000 	C:\WINDOWS\SYSTEM32\dhcpcsvc6.DLL
0x00007ffb41ef0000 - 0x00007ffb41f0a000 	C:\WINDOWS\SYSTEM32\dhcpcsvc.DLL
0x0000000065c90000 - 0x0000000065c9d000 	C:\Program Files\Java\jdk1.8.0_66\jre\bin\management.dll

VM Arguments:
jvm_args: -Dorg.gradle.appname=gradlew 
java_command: org.gradle.wrapper.GradleWrapperMain installDebug
java_class_path (initial): H:\react_native\manager\android\\gradle\wrapper\gradle-wrapper.jar
Launcher Type: SUN_STANDARD

Environment Variables:
JAVA_HOME=C:\Program Files\Java\jdk1.8.0_66
CLASSPATH=H:\react_native\manager\android\\gradle\wrapper\gradle-wrapper.jar
USERNAME=MANOJ
OS=Windows_NT
PROCESSOR_IDENTIFIER=Intel64 Family 6 Model 61 Stepping 4, GenuineIntel



---------------  S Y S T E M  ---------------

OS: Windows 10.0 , 64 bit Build 16299 (10.0.16299.15)

CPU:total 4 (2 cores per cpu, 2 threads per core) family 6 model 61 stepping 4, cmov, cx8, fxsr, mmx, sse, sse2, sse3, ssse3, sse4.1, sse4.2, popcnt, avx, avx2, aes, clmul, erms, 3dnowpref, lzcnt, ht, tsc, tscinvbit, bmi1, bmi2, adx

Memory: 4k page, physical 8301964k(2194268k free), swap 9732492k(39924k free)

vm_info: Java HotSpot(TM) 64-Bit Server VM (25.66-b18) for windows-amd64 JRE (1.8.0_66-b18), built on Nov  9 2015 10:51:13 by "java_re" with MS VC++ 10.0 (VS2010)

time: Thu Nov 23 23:30:18 2017
elapsed time: 4 seconds (0d 0h 0m 4s)

