#
# There is insufficient memory for the Java Runtime Environment to continue.
# Native memory allocation (malloc) failed to allocate 262416 bytes for Chunk::new
# Possible reasons:
#   The system is out of physical RAM or swap space
#   In 32 bit mode, the process size limit was hit
# Possible solutions:
#   Reduce memory load on the system
#   Increase physical memory or swap space
#   Check if swap backing store is full
#   Use 64 bit Java on a 64 bit OS
#   Decrease Java heap size (-Xmx/-Xms)
#   Decrease number of Java threads
#   Decrease Java thread stack sizes (-Xss)
#   Set larger code cache with -XX:ReservedCodeCacheSize=
# This output file may be truncated or incomplete.
#
#  Out of Memory Error (allocation.cpp:390), pid=10884, tid=12148
#
# JRE version: Java(TM) SE Runtime Environment (8.0_66-b18) (build 1.8.0_66-b18)
# Java VM: Java HotSpot(TM) 64-Bit Server VM (25.66-b18 mixed mode windows-amd64 compressed oops)
# Failed to write core dump. Minidumps are not enabled by default on client versions of Windows
#

---------------  T H R E A D  ---------------

Current thread (0x000000001984e000):  JavaThread "C2 CompilerThread1" daemon [_thread_in_native, id=12148, stack(0x000000001afa0000,0x000000001b0a0000)]

Stack: [0x000000001afa0000,0x000000001b0a0000]
[error occurred during error reporting (printing stack bounds), id 0xc0000005]

Native frames: (J=compiled Java code, j=interpreted, Vv=VM code, C=native code)


Current CompileTask:
C2:  15990 4676   !   4       sun.misc.Resource::getBytes (242 bytes)


---------------  P R O C E S S  ---------------

Java Threads: ( => current thread )
  0x000000001e12e000 JavaThread "File lock request listener" [_thread_in_native, id=10476, stack(0x0000000021260000,0x0000000021360000)]
  0x000000001d3a5000 JavaThread "pool-1-thread-1" [_thread_blocked, id=10108, stack(0x000000001bfa0000,0x000000001c0a0000)]
  0x00000000198ae000 JavaThread "Service Thread" daemon [_thread_blocked, id=12572, stack(0x000000001b5a0000,0x000000001b6a0000)]
  0x000000001985a000 JavaThread "C1 CompilerThread2" daemon [_thread_blocked, id=12448, stack(0x000000001b0a0000,0x000000001b1a0000)]
=>0x000000001984e000 JavaThread "C2 CompilerThread1" daemon [_thread_in_native, id=12148, stack(0x000000001afa0000,0x000000001b0a0000)]
  0x000000001984b000 JavaThread "C2 CompilerThread0" daemon [_thread_blocked, id=9648, stack(0x000000001aea0000,0x000000001afa0000)]
  0x0000000019858000 JavaThread "Attach Listener" daemon [_thread_blocked, id=8792, stack(0x000000001ada0000,0x000000001aea0000)]
  0x0000000019857000 JavaThread "Signal Dispatcher" daemon [_thread_blocked, id=404, stack(0x000000001aca0000,0x000000001ada0000)]
  0x0000000004cd7800 JavaThread "Finalizer" daemon [_thread_blocked, id=14136, stack(0x000000001aab0000,0x000000001abb0000)]
  0x0000000004cce000 JavaThread "Reference Handler" daemon [_thread_blocked, id=7556, stack(0x000000001a9b0000,0x000000001aab0000)]
  0x0000000004bde800 JavaThread "main" [_thread_blocked, id=13116, stack(0x0000000004ad0000,0x0000000004bd0000)]

Other Threads:
  0x0000000019818000 VMThread [stack: 0x000000001a8b0000,0x000000001a9b0000] [id=7972]
  0x000000001b1d0000 WatcherThread [stack: 0x000000001b6a0000,0x000000001b7a0000] [id=3032]

VM state:at safepoint (normal execution)

VM Mutex/Monitor currently owned by a thread:  ([mutex/lock_event])
[0x0000000004bddc20] Threads_lock - owner thread: 0x0000000019818000
[0x0000000004bdd5a0] Heap_lock - owner thread: 0x0000000004bde800

Heap:
 PSYoungGen      total 129024K, used 2174K [0x00000000d5c00000, 0x00000000e1400000, 0x0000000100000000)
  eden space 116224K, 0% used [0x00000000d5c00000,0x00000000d5c00000,0x00000000dcd80000)
  from space 12800K, 16% used [0x00000000dcd80000,0x00000000dcf9f828,0x00000000dda00000)
  to   space 13312K, 0% used [0x00000000e0700000,0x00000000e0700000,0x00000000e1400000)
 ParOldGen       total 70656K, used 21965K [0x0000000081400000, 0x0000000085900000, 0x00000000d5c00000)
  object space 70656K, 31% used [0x0000000081400000,0x0000000082973790,0x0000000085900000)
 Metaspace       used 41418K, capacity 42186K, committed 42240K, reserved 1089536K
  class space    used 5612K, capacity 5870K, committed 5888K, reserved 1048576K

Card table byte_map: [0x00000000140a0000,0x00000000144a0000] byte_map_base: 0x0000000013c96000

Marking Bits: (ParMarkBitMap*) 0x00000000634da5b0
 Begin Bits: [0x0000000014b50000, 0x0000000016b00000)
 End Bits:   [0x0000000016b00000, 0x0000000018ab0000)

Polling page: 0x0000000003220000

CodeCache: size=245760Kb used=16880Kb max_used=16891Kb free=228879Kb
 bounds [0x0000000004ce0000, 0x0000000005d70000, 0x0000000013ce0000]
 total_blobs=5306 nmethods=4616 adapters=601
 compilation: enabled

Compilation events (10 events):
Event: 15.921 Thread 0x000000001985a000 nmethod 4680 0x0000000005d5fa10 code [0x0000000005d5fb60, 0x0000000005d5fd10]
Event: 15.922 Thread 0x000000001985a000 4681       3       java.lang.invoke.TypeConvertingMethodAdapter::descriptorToName (36 bytes)
Event: 15.923 Thread 0x000000001985a000 nmethod 4681 0x0000000005d5ed50 code [0x0000000005d5ef20, 0x0000000005d5f6c8]
Event: 15.923 Thread 0x000000001985a000 4682       1       java.lang.invoke.MethodHandles$Lookup::lookupClass (5 bytes)
Event: 15.923 Thread 0x000000001985a000 nmethod 4682 0x0000000005d5ea90 code [0x0000000005d5ebe0, 0x0000000005d5ecf0]
Event: 15.924 Thread 0x000000001985a000 4683       3       java.lang.invoke.MethodType::insertParameterTypes (106 bytes)
Event: 15.925 Thread 0x000000001984b000 nmethod 4665 0x0000000005d618d0 code [0x0000000005d61b60, 0x0000000005d623b8]
Event: 15.926 Thread 0x000000001985a000 nmethod 4683 0x0000000005d62890 code [0x0000000005d62b40, 0x0000000005d63e48]
Event: 15.927 Thread 0x000000001985a000 4684       3       sun.invoke.util.Wrapper::hashPrim (30 bytes)
Event: 15.928 Thread 0x000000001985a000 nmethod 4684 0x0000000005d60b10 code [0x0000000005d60ce0, 0x0000000005d61508]

GC Heap History (10 events):
Event: 9.267 GC heap before
{Heap before GC invocations=8 (full 1):
 PSYoungGen      total 72192K, used 67093K [0x00000000d5c00000, 0x00000000db000000, 0x0000000100000000)
  eden space 63488K, 100% used [0x00000000d5c00000,0x00000000d9a00000,0x00000000d9a00000)
  from space 8704K, 41% used [0x00000000da780000,0x00000000dab05508,0x00000000db000000)
  to   space 11264K, 0% used [0x00000000d9a00000,0x00000000d9a00000,0x00000000da500000)
 ParOldGen       total 49664K, used 7711K [0x0000000081400000, 0x0000000084480000, 0x00000000d5c00000)
  object space 49664K, 15% used [0x0000000081400000,0x0000000081b87ec0,0x0000000084480000)
 Metaspace       used 26463K, capacity 26840K, committed 27136K, reserved 1073152K
  class space    used 3678K, capacity 3795K, committed 3840K, reserved 1048576K
Event: 9.280 GC heap after
Heap after GC invocations=8 (full 1):
 PSYoungGen      total 74752K, used 6156K [0x00000000d5c00000, 0x00000000de400000, 0x0000000100000000)
  eden space 63488K, 0% used [0x00000000d5c00000,0x00000000d5c00000,0x00000000d9a00000)
  from space 11264K, 54% used [0x00000000d9a00000,0x00000000da0033c0,0x00000000da500000)
  to   space 10240K, 0% used [0x00000000dda00000,0x00000000dda00000,0x00000000de400000)
 ParOldGen       total 49664K, used 7783K [0x0000000081400000, 0x0000000084480000, 0x00000000d5c00000)
  object space 49664K, 15% used [0x0000000081400000,0x0000000081b99ed0,0x0000000084480000)
 Metaspace       used 26463K, capacity 26840K, committed 27136K, reserved 1073152K
  class space    used 3678K, capacity 3795K, committed 3840K, reserved 1048576K
}
Event: 10.507 GC heap before
{Heap before GC invocations=9 (full 1):
 PSYoungGen      total 74752K, used 69644K [0x00000000d5c00000, 0x00000000de400000, 0x0000000100000000)
  eden space 63488K, 100% used [0x00000000d5c00000,0x00000000d9a00000,0x00000000d9a00000)
  from space 11264K, 54% used [0x00000000d9a00000,0x00000000da0033c0,0x00000000da500000)
  to   space 10240K, 0% used [0x00000000dda00000,0x00000000dda00000,0x00000000de400000)
 ParOldGen       total 49664K, used 7783K [0x0000000081400000, 0x0000000084480000, 0x00000000d5c00000)
  object space 49664K, 15% used [0x0000000081400000,0x0000000081b99ed0,0x0000000084480000)
 Metaspace       used 31982K, capacity 32500K, committed 32768K, reserved 1077248K
  class space    used 4392K, capacity 4537K, committed 4608K, reserved 1048576K
Event: 10.526 GC heap after
Heap after GC invocations=9 (full 1):
 PSYoungGen      total 126976K, used 9676K [0x00000000d5c00000, 0x00000000de400000, 0x0000000100000000)
  eden space 116736K, 0% used [0x00000000d5c00000,0x00000000d5c00000,0x00000000dce00000)
  from space 10240K, 94% used [0x00000000dda00000,0x00000000de373078,0x00000000de400000)
  to   space 11264K, 0% used [0x00000000dce00000,0x00000000dce00000,0x00000000dd900000)
 ParOldGen       total 49664K, used 7791K [0x0000000081400000, 0x0000000084480000, 0x00000000d5c00000)
  object space 49664K, 15% used [0x0000000081400000,0x0000000081b9bed0,0x0000000084480000)
 Metaspace       used 31982K, capacity 32500K, committed 32768K, reserved 1077248K
  class space    used 4392K, capacity 4537K, committed 4608K, reserved 1048576K
}
Event: 11.534 GC heap before
{Heap before GC invocations=10 (full 1):
 PSYoungGen      total 126976K, used 63868K [0x00000000d5c00000, 0x00000000de400000, 0x0000000100000000)
  eden space 116736K, 46% used [0x00000000d5c00000,0x00000000d90ec188,0x00000000dce00000)
  from space 10240K, 94% used [0x00000000dda00000,0x00000000de373078,0x00000000de400000)
  to   space 11264K, 0% used [0x00000000dce00000,0x00000000dce00000,0x00000000dd900000)
 ParOldGen       total 49664K, used 7791K [0x0000000081400000, 0x0000000084480000, 0x00000000d5c00000)
  object space 49664K, 15% used [0x0000000081400000,0x0000000081b9bed0,0x0000000084480000)
 Metaspace       used 34670K, capacity 35250K, committed 35456K, reserved 1079296K
  class space    used 4742K, capacity 4956K, committed 4992K, reserved 1048576K
Event: 11.569 GC heap after
Heap after GC invocations=10 (full 1):
 PSYoungGen      total 128000K, used 11241K [0x00000000d5c00000, 0x00000000de400000, 0x0000000100000000)
  eden space 116736K, 0% used [0x00000000d5c00000,0x00000000d5c00000,0x00000000dce00000)
  from space 11264K, 99% used [0x00000000dce00000,0x00000000dd8fa628,0x00000000dd900000)
  to   space 10240K, 0% used [0x00000000dda00000,0x00000000dda00000,0x00000000de400000)
 ParOldGen       total 49664K, used 9519K [0x0000000081400000, 0x0000000084480000, 0x00000000d5c00000)
  object space 49664K, 19% used [0x0000000081400000,0x0000000081d4bcd0,0x0000000084480000)
 Metaspace       used 34670K, capacity 35250K, committed 35456K, reserved 1079296K
  class space    used 4742K, capacity 4956K, committed 4992K, reserved 1048576K
}
Event: 11.569 GC heap before
{Heap before GC invocations=11 (full 2):
 PSYoungGen      total 128000K, used 11241K [0x00000000d5c00000, 0x00000000de400000, 0x0000000100000000)
  eden space 116736K, 0% used [0x00000000d5c00000,0x00000000d5c00000,0x00000000dce00000)
  from space 11264K, 99% used [0x00000000dce00000,0x00000000dd8fa628,0x00000000dd900000)
  to   space 10240K, 0% used [0x00000000dda00000,0x00000000dda00000,0x00000000de400000)
 ParOldGen       total 49664K, used 9519K [0x0000000081400000, 0x0000000084480000, 0x00000000d5c00000)
  object space 49664K, 19% used [0x0000000081400000,0x0000000081d4bcd0,0x0000000084480000)
 Metaspace       used 34670K, capacity 35250K, committed 35456K, reserved 1079296K
  class space    used 4742K, capacity 4956K, committed 4992K, reserved 1048576K
Event: 11.801 GC heap after
Heap after GC invocations=11 (full 2):
 PSYoungGen      total 128000K, used 0K [0x00000000d5c00000, 0x00000000de400000, 0x0000000100000000)
  eden space 116736K, 0% used [0x00000000d5c00000,0x00000000d5c00000,0x00000000dce00000)
  from space 11264K, 0% used [0x00000000dce00000,0x00000000dce00000,0x00000000dd900000)
  to   space 10240K, 0% used [0x00000000dda00000,0x00000000dda00000,0x00000000de400000)
 ParOldGen       total 70656K, used 20057K [0x0000000081400000, 0x0000000085900000, 0x00000000d5c00000)
  object space 70656K, 28% used [0x0000000081400000,0x0000000082796738,0x0000000085900000)
 Metaspace       used 34670K, capacity 35250K, committed 35456K, reserved 1079296K
  class space    used 4742K, capacity 4956K, committed 4992K, reserved 1048576K
}
Event: 15.343 GC heap before
{Heap before GC invocations=12 (full 2):
 PSYoungGen      total 128000K, used 116736K [0x00000000d5c00000, 0x00000000de400000, 0x0000000100000000)
  eden space 116736K, 100% used [0x00000000d5c00000,0x00000000dce00000,0x00000000dce00000)
  from space 11264K, 0% used [0x00000000dce00000,0x00000000dce00000,0x00000000dd900000)
  to   space 10240K, 0% used [0x00000000dda00000,0x00000000dda00000,0x00000000de400000)
 ParOldGen       total 70656K, used 20057K [0x0000000081400000, 0x0000000085900000, 0x00000000d5c00000)
  object space 70656K, 28% used [0x0000000081400000,0x0000000082796738,0x0000000085900000)
 Metaspace       used 40777K, capacity 41480K, committed 41728K, reserved 1085440K
  class space    used 5525K, capacity 5761K, committed 5888K, reserved 1048576K
Event: 15.353 GC heap after
Heap after GC invocations=12 (full 2):
 PSYoungGen      total 126464K, used 7192K [0x00000000d5c00000, 0x00000000e1700000, 0x0000000100000000)
  eden space 116224K, 0% used [0x00000000d5c00000,0x00000000d5c00000,0x00000000dcd80000)
  from space 10240K, 70% used [0x00000000dda00000,0x00000000de1060e8,0x00000000de400000)
  to   space 12800K, 0% used [0x00000000dcd80000,0x00000000dcd80000,0x00000000dda00000)
 ParOldGen       total 70656K, used 20129K [0x0000000081400000, 0x0000000085900000, 0x00000000d5c00000)
  object space 70656K, 28% used [0x0000000081400000,0x00000000827a8748,0x0000000085900000)
 Metaspace       used 40777K, capacity 41480K, committed 41728K, reserved 1085440K
  class space    used 5525K, capacity 5761K, committed 5888K, reserved 1048576K
}

Deoptimization events (10 events):
Event: 13.525 Thread 0x0000000004bde800 Uncommon trap: reason=class_check action=maybe_recompile pc=0x000000000502987c method=java.io.DataInputStream.readUnsignedShort()I @ 4
Event: 13.669 Thread 0x0000000004bde800 Uncommon trap: reason=unstable_if action=reinterpret pc=0x0000000005a067f8 method=java.io.DataInputStream.readUTF(Ljava/io/DataInput;)Ljava/lang/String; @ 31
Event: 13.771 Thread 0x0000000004bde800 Uncommon trap: reason=class_check action=maybe_recompile pc=0x0000000005a1b434 method=java.io.FilterInputStream.read()I @ 4
Event: 13.771 Thread 0x0000000004bde800 Uncommon trap: reason=class_check action=maybe_recompile pc=0x0000000005a1b434 method=java.io.FilterInputStream.read()I @ 4
Event: 13.771 Thread 0x0000000004bde800 Uncommon trap: reason=class_check action=maybe_recompile pc=0x0000000005a1b434 method=java.io.FilterInputStream.read()I @ 4
Event: 13.771 Thread 0x0000000004bde800 Uncommon trap: reason=class_check action=maybe_recompile pc=0x0000000005a1b434 method=java.io.FilterInputStream.read()I @ 4
Event: 13.882 Thread 0x0000000004bde800 Uncommon trap: reason=unstable_if action=reinterpret pc=0x0000000005382794 method=java.util.WeakHashMap.remove(Ljava/lang/Object;)Ljava/lang/Object; @ 94
Event: 13.913 Thread 0x0000000004bde800 Uncommon trap: reason=unstable_if action=reinterpret pc=0x00000000056d28a8 method=java.util.regex.Pattern$BmpCharProperty.match(Ljava/util/regex/Matcher;ILjava/lang/CharSequence;)Z @ 34
Event: 14.020 Thread 0x0000000004bde800 Uncommon trap: reason=unstable_if action=reinterpret pc=0x0000000005a7ccec method=com.sun.org.apache.xerces.internal.impl.XMLEntityScanner.scanContent(Lcom/sun/org/apache/xerces/internal/xni/XMLString;)I @ 481
Event: 15.355 Thread 0x0000000004cd7800 Uncommon trap: reason=unstable_if action=reinterpret pc=0x000000000501dff4 method=java.lang.ref.ReferenceQueue.poll()Ljava/lang/ref/Reference; @ 4

Internal exceptions (10 events):
Event: 15.032 Thread 0x0000000004bde800 Exception <a 'sun/nio/fs/WindowsException'> (0x00000000dae841b8) thrown at [C:\re\workspace\8-2-build-windows-amd64-cygwin\jdk8u66\5298\hotspot\src\share\vm\prims\jni.cpp, line 709]
Event: 15.032 Thread 0x0000000004bde800 Exception <a 'sun/nio/fs/WindowsException'> (0x00000000dae84ad8) thrown at [C:\re\workspace\8-2-build-windows-amd64-cygwin\jdk8u66\5298\hotspot\src\share\vm\prims\jni.cpp, line 709]
Event: 15.033 Thread 0x0000000004bde800 Exception <a 'sun/nio/fs/WindowsException'> (0x00000000dae86070) thrown at [C:\re\workspace\8-2-build-windows-amd64-cygwin\jdk8u66\5298\hotspot\src\share\vm\prims\jni.cpp, line 709]
Event: 15.033 Thread 0x0000000004bde800 Exception <a 'sun/nio/fs/WindowsException'> (0x00000000dae869c8) thrown at [C:\re\workspace\8-2-build-windows-amd64-cygwin\jdk8u66\5298\hotspot\src\share\vm\prims\jni.cpp, line 709]
Event: 15.588 Thread 0x0000000004bde800 Exception <a 'java/lang/NoSuchMethodError': java.lang.Object.lambda$comparing$77a9974f$1(Ljava/util/function/Function;Ljava/lang/Object;Ljava/lang/Object;)I> (0x00000000d79bf858) thrown at [C:\re\workspace\8-2-build-windows-amd64-cygwin\jdk8u66\5298\hotspoÝ)šo./@
Event: 15.591 Thread 0x0000000004bde800 Exception <a 'java/lang/NoSuchMethodError': java.lang.Object.lambda$thenComparing$36697e65$1(Ljava/util/Comparator;Ljava/lang/Object;Ljava/lang/Object;)I> (0x00000000d79cdd08) thrown at [C:\re\workspace\8-2-build-windows-amd64-cygwin\jdk8u66\5298\hotspot\s‘3b½ÃV/@
Event: 15.669 Thread 0x0000000004bde800 Exception <a 'java/lang/NoSuchMethodError': java.lang.Object.lambda$maxBy$24(Ljava/util/Comparator;Ljava/lang/Object;Ljava/lang/Object;)Ljava/lang/Object;> (0x00000000d7b2bed8) thrown at [C:\re\workspace\8-2-build-windows-amd64-cygwin\jdk8u66\5298\hotspot\·®²C„¿/@
Event: 15.874 Thread 0x0000000004bde800 Exception <a 'sun/nio/fs/WindowsException'> (0x00000000d7c9c9f0) thrown at [C:\re\workspace\8-2-build-windows-amd64-cygwin\jdk8u66\5298\hotspot\src\share\vm\prims\jni.cpp, line 709]
Event: 15.874 Thread 0x0000000004bde800 Exception <a 'sun/nio/fs/WindowsException'> (0x00000000d7c9ef60) thrown at [C:\re\workspace\8-2-build-windows-amd64-cygwin\jdk8u66\5298\hotspot\src\share\vm\prims\jni.cpp, line 709]
Event: 15.875 Thread 0x0000000004bde800 Exception <a 'sun/nio/fs/WindowsException'> (0x00000000d7ca1498) thrown at [C:\re\workspace\8-2-build-windows-amd64-cygwin\jdk8u66\5298\hotspot\src\share\vm\prims\jni.cpp, line 709]

Events (10 events):
Event: 15.924 loading class com/android/build/gradle/internal/dsl/CoreNdkOptions
Event: 15.924 loading class com/android/build/gradle/internal/dsl/CoreNdkOptions done
Event: 15.925 loading class com/android/build/gradle/internal/dsl/CoreBuildType
Event: 15.925 loading class com/android/build/gradle/internal/dsl/CoreBuildType done
Event: 15.926 loading class com/android/build/gradle/internal/core/MergedNdkConfig
Event: 15.926 loading class com/android/build/gradle/internal/core/MergedNdkConfig done
Event: 15.927 loading class com/android/build/gradle/internal/dsl/CoreNdkOptions
Event: 15.927 loading class com/android/build/gradle/internal/dsl/CoreNdkOptions done
Event: 15.927 loading class com/android/build/gradle/internal/core/MergedNdkConfig
Event: 15.927 loading class com/android/build/gradle/internal/core/MergedNdkConfig done


Dynamic libraries:
0x00007ff745070000 - 0x00007ff7450a7000 	C:\Program Files\Java\jdk1.8.0_66\bin\java.exe
0x00007ffb49500000 - 0x00007ffb496e0000 	C:\WINDOWS\SYSTEM32\ntdll.dll
0x00007ffb47410000 - 0x00007ffb474be000 	C:\WINDOWS\System32\KERNEL32.DLL
0x00007ffb46590000 - 0x00007ffb467f6000 	C:\WINDOWS\System32\KERNELBASE.dll
0x00007ffb47360000 - 0x00007ffb47401000 	C:\WINDOWS\System32\ADVAPI32.dll
0x00007ffb469d0000 - 0x00007ffb46a6d000 	C:\WINDOWS\System32\msvcrt.dll
0x00007ffb46cd0000 - 0x00007ffb46d2b000 	C:\WINDOWS\System32\sechost.dll
0x00007ffb46d90000 - 0x00007ffb46eaf000 	C:\WINDOWS\System32\RPCRT4.dll
0x00007ffb474c0000 - 0x00007ffb4764f000 	C:\WINDOWS\System32\USER32.dll
0x00007ffb45960000 - 0x00007ffb45980000 	C:\WINDOWS\System32\win32u.dll
0x00007ffb47330000 - 0x00007ffb47358000 	C:\WINDOWS\System32\GDI32.dll
0x00007ffb45a20000 - 0x00007ffb45bb4000 	C:\WINDOWS\System32\gdi32full.dll
0x00007ffb45980000 - 0x00007ffb45a1b000 	C:\WINDOWS\System32\msvcp_win.dll
0x00007ffb45bc0000 - 0x00007ffb45cb6000 	C:\WINDOWS\System32\ucrtbase.dll
0x00007ffb3d490000 - 0x00007ffb3d6f9000 	C:\WINDOWS\WinSxS\amd64_microsoft.windows.common-controls_6595b64144ccf1df_6.0.16299.64_none_cc9304e22215ca8f\COMCTL32.dll
0x00007ffb476b0000 - 0x00007ffb479b8000 	C:\WINDOWS\System32\combase.dll
0x00007ffb464c0000 - 0x00007ffb46532000 	C:\WINDOWS\System32\bcryptPrimitives.dll
0x00007ffb479c0000 - 0x00007ffb479ed000 	C:\WINDOWS\System32\IMM32.DLL
0x0000000063560000 - 0x0000000063632000 	C:\Program Files\Java\jdk1.8.0_66\jre\bin\msvcr100.dll
0x0000000062cd0000 - 0x0000000063559000 	C:\Program Files\Java\jdk1.8.0_66\jre\bin\server\jvm.dll
0x00007ffb47c30000 - 0x00007ffb47c38000 	C:\WINDOWS\System32\PSAPI.DLL
0x00007ffb370d0000 - 0x00007ffb370f3000 	C:\WINDOWS\SYSTEM32\WINMM.dll
0x00007ffb3e590000 - 0x00007ffb3e59a000 	C:\WINDOWS\SYSTEM32\VERSION.dll
0x00007ffb447a0000 - 0x00007ffb447a9000 	C:\WINDOWS\SYSTEM32\WSOCK32.dll
0x00007ffb479f0000 - 0x00007ffb47a5c000 	C:\WINDOWS\System32\WS2_32.dll
0x00007ffb37020000 - 0x00007ffb3704a000 	C:\WINDOWS\SYSTEM32\winmmbase.dll
0x00007ffb46540000 - 0x00007ffb4658a000 	C:\WINDOWS\System32\cfgmgr32.dll
0x0000000065cd0000 - 0x0000000065cdf000 	C:\Program Files\Java\jdk1.8.0_66\jre\bin\verify.dll
0x0000000065ca0000 - 0x0000000065cc9000 	C:\Program Files\Java\jdk1.8.0_66\jre\bin\java.dll
0x0000000064820000 - 0x0000000064836000 	C:\Program Files\Java\jdk1.8.0_66\jre\bin\zip.dll
0x00007ffb48090000 - 0x00007ffb494c7000 	C:\WINDOWS\System32\SHELL32.dll
0x00007ffb46c20000 - 0x00007ffb46cc6000 	C:\WINDOWS\System32\shcore.dll
0x00007ffb45d70000 - 0x00007ffb464b7000 	C:\WINDOWS\System32\windows.storage.dll
0x00007ffb46d30000 - 0x00007ffb46d81000 	C:\WINDOWS\System32\shlwapi.dll
0x00007ffb458e0000 - 0x00007ffb458f1000 	C:\WINDOWS\System32\kernel.appcore.dll
0x00007ffb45870000 - 0x00007ffb458bc000 	C:\WINDOWS\System32\powrprof.dll
0x00007ffb45850000 - 0x00007ffb4586b000 	C:\WINDOWS\System32\profapi.dll
0x0000000064800000 - 0x000000006481a000 	C:\Program Files\Java\jdk1.8.0_66\jre\bin\net.dll
0x00007ffb45080000 - 0x00007ffb450e6000 	C:\WINDOWS\system32\mswsock.dll
0x00000000647e0000 - 0x00000000647f1000 	C:\Program Files\Java\jdk1.8.0_66\jre\bin\nio.dll
0x00007ffb2a360000 - 0x00007ffb2a372000 	C:\Users\RIL\.gradle\native\19\windows-amd64\native-platform.dll
0x0000000180000000 - 0x0000000180037000 	C:\Users\RIL\.gradle\native\jna\win32-amd64\jnidispatch.dll
0x00007ffb45240000 - 0x00007ffb45257000 	C:\WINDOWS\SYSTEM32\CRYPTSP.dll
0x00007ffb44c90000 - 0x00007ffb44cc3000 	C:\WINDOWS\system32\rsaenh.dll
0x00007ffb453b0000 - 0x00007ffb453d5000 	C:\WINDOWS\SYSTEM32\bcrypt.dll
0x00007ffb45780000 - 0x00007ffb457a9000 	C:\WINDOWS\SYSTEM32\USERENV.dll
0x00007ffb45260000 - 0x00007ffb4526b000 	C:\WINDOWS\SYSTEM32\CRYPTBASE.dll
0x00007ffb44e10000 - 0x00007ffb44e49000 	C:\WINDOWS\SYSTEM32\IPHLPAPI.DLL
0x00007ffb47c20000 - 0x00007ffb47c28000 	C:\WINDOWS\System32\NSI.dll
0x00007ffb41760000 - 0x00007ffb41776000 	C:\WINDOWS\SYSTEM32\dhcpcsvc6.DLL
0x00007ffb41ef0000 - 0x00007ffb41f0a000 	C:\WINDOWS\SYSTEM32\dhcpcsvc.DLL
0x0000000065c90000 - 0x0000000065c9d000 	C:\Program Files\Java\jdk1.8.0_66\jre\bin\management.dll

VM Arguments:
jvm_args: -Dorg.gradle.appname=gradlew 
java_command: org.gradle.wrapper.GradleWrapperMain installDebug
java_class_path (initial): H:\react_native\manager\android\\gradle\wrapper\gradle-wrapper.jar
Launcher Type: SUN_STANDARD

Environment Variables:
JAVA_HOME=C:\Program Files\Java\jdk1.8.0_66
CLASSPATH=H:\react_native\manager\android\\gradle\wrapper\gradle-wrapper.jar
USERNAME=MANOJ
OS=Windows_NT
PROCESSOR_IDENTIFIER=Intel64 Family 6 Model 61 Stepping 4, GenuineIntel



---------------  S Y S T E M  ---------------

OS: Windows 10.0 , 64 bit Build 16299 (10.0.16299.15)

CPU:total 4 (2 cores per cpu, 2 threads per core) family 6 model 61 stepping 4, cmov, cx8, fxsr, mmx, sse, sse2, sse3, ssse3, sse4.1, sse4.2, popcnt, avx, avx2, aes, clmul, erms, 3dnowpref, lzcnt, ht, tsc, tscinvbit, bmi1, bmi2, adx

Memory: 4k page, physical 8301964k(2171324k free), swap 9732492k(7440k free)

vm_info: Java HotSpot(TM) 64-Bit Server VM (25.66-b18) for windows-amd64 JRE (1.8.0_66-b18), built on Nov  9 2015 10:51:13 by "java_re" with MS VC++ 10.0 (VS2010)

time: Thu Nov 23 23:30:45 2017
elapsed time: 15 seconds (0d 0h 0m 15s)

